<?xml version="1.0" encoding="UTF-8" ?>
<testsuite tests="4" failures="0" name="calculadora.CalculatorTest" time="0.005" errors="0" skipped="0">
  <properties>
[...]
</properties>
  <testcase classname="calculadora.CalculatorTest" name="testAdd" time="0.005"/>
  <testcase classname="calculadora.CalculatorTest" name="testSubtract" time="0"/>
  <testcase classname="calculadora.CalculatorTest" name="testDivide" time="0"/>
  <testcase classname="calculadora.CalculatorTest" name="testMultiply" time="0"/>
</testsuite>